18.3.2025, 17:02:24 - ERROR - Cannot save bug | ReferenceError: fs is not defined
18.3.2025, 19:47:57 - ERROR - Cannot get bug | ReferenceError: now is not defined
18.3.2025, 19:48:10 - ERROR - Cannot get bug | ReferenceError: now is not defined
18.3.2025, 19:49:11 - ERROR - Cannot get bug | ReferenceError: now is not defined
18.3.2025, 19:49:16 - ERROR - Cannot get bug | ReferenceError: now is not defined
18.3.2025, 19:50:32 - ERROR - Cannot get bug | TypeError: visitedBugs.push is not a function
18.3.2025, 19:50:58 - ERROR - Cannot get bug | TypeError: visitedBugs.push is not a function
18.3.2025, 20:21:55 - ERROR - Server ready at port 3031
18.3.2025, 20:21:57 - INFO - Server ready at port 3031
18.3.2025, 20:22:22 - INFO - Server ready at port 3031
18.3.2025, 20:27:11 - INFO - Server ready at port 3031
18.3.2025, 20:27:22 - INFO - Server ready at port 3031
18.3.2025, 20:28:58 - INFO - Server ready at port 3031
18.3.2025, 20:37:25 - INFO - Server ready at port 3031
18.3.2025, 20:37:40 - ERROR - Cannot get bug | ReferenceError: uniqueBugIds is not defined
18.3.2025, 20:37:44 - ERROR - Cannot get bug | ReferenceError: uniqueBugIds is not defined
18.3.2025, 20:37:52 - INFO - Server ready at port 3031
18.3.2025, 20:37:54 - ERROR - Cannot get bug | ReferenceError: uniqueBugIds is not defined
18.3.2025, 20:38:19 - ERROR - Cannot get bug | ReferenceError: uniqueBugIds is not defined
18.3.2025, 20:38:37 - INFO - Server ready at port 3031
18.3.2025, 20:38:52 - INFO - Server ready at port 3031
18.3.2025, 20:38:58 - INFO - Server ready at port 3031
18.3.2025, 20:39:55 - INFO - Server ready at port 3031
18.3.2025, 20:41:33 - INFO - Server ready at port 3031
18.3.2025, 20:41:40 - INFO - Server ready at port 3031
18.3.2025, 20:41:42 - INFO - Server ready at port 3031
18.3.2025, 20:41:45 - INFO - Server ready at port 3031
18.3.2025, 20:41:58 - INFO - Server ready at port 3031
18.3.2025, 20:42:29 - INFO - Server ready at port 3031
18.3.2025, 20:43:46 - INFO - Server ready at port 3031
18.3.2025, 20:44:45 - INFO - Server ready at port 3031
18.3.2025, 20:44:46 - INFO - Server ready at port 3031
18.3.2025, 20:44:49 - INFO - Server ready at port 3031
18.3.2025, 20:45:52 - INFO - Server ready at port 3031
18.3.2025, 20:46:09 - INFO - Server ready at port 3031
